<?xml version="1.0" encoding="UTF-8"?>
<!-- Generated by org.testng.reporters.JUnitXMLReporter -->
<testsuite hostname="TestingWorld-PC" name="Default test" tests="2" failures="1" timestamp="11 Aug 2018 08:38:59 GMT" time="0.151" errors="0">
  <testcase name="tc002" time="0.031" classname="testing.A">
    <failure type="java.lang.AssertionError" message="expected [true] but found [false]">
      <![CDATA[java.lang.AssertionError: expected [true] but found [false]
	at testing.A.tc002(A.java:24)
... Removed 28 stack frames]]>
    </failure>
  </testcase> <!-- tc002 -->
  <testcase name="tc001" time="0.0" classname="testing.A">
    <skipped/>
  </testcase> <!-- tc001 -->
</testsuite> <!-- Default test -->
