<?xml version="1.0" encoding="UTF-8"?>
<!-- Generated by org.testng.reporters.JUnitXMLReporter -->
<testsuite hostname="TestingWorld-PC" name="Test" tests="4" failures="0" timestamp="11 Aug 2018 08:30:36 GMT" time="0.188" errors="0">
  <testcase name="tc002" time="0.02" classname="testing.B"/>
  <testcase name="tc001" time="0.003" classname="testing.B"/>
  <testcase name="tc002" time="0.003" classname="testing.A"/>
  <testcase name="tc001" time="0.002" classname="testing.A"/>
</testsuite> <!-- Test -->
